{"C:\\Users\\davyd\\OneDrive\\Documentos\\clean-code-api\\src\\main\\adapters\\express-route-adapter.ts": {"path":"C:\\Users\\davyd\\OneDrive\\Documentos\\clean-code-api\\src\\main\\adapters\\express-route-adapter.ts","statementMap":{"0":{"start":{"line":4,"column":26},"end":{"line":12,"column":1}},"1":{"start":{"line":5,"column":2},"end":{"line":11,"column":null}},"2":{"start":{"line":5,"column":43},"end":{"line":11,"column":null}},"3":{"start":{"line":6,"column":10},"end":{"line":8,"column":null}},"4":{"start":{"line":9,"column":25},"end":{"line":9,"column":null}},"5":{"start":{"line":9,"column":10},"end":{"line":9,"column":null}},"6":{"start":{"line":10,"column":4},"end":{"line":10,"column":null}},"7":{"start":{"line":4,"column":13},"end":{"line":4,"column":26}}},"fnMap":{"0":{"name":"(anonymous_13)","decl":{"start":{"line":4,"column":26},"end":{"line":4,"column":27}},"loc":{"start":{"line":4,"column":49},"end":{"line":12,"column":1}}},"1":{"name":"(anonymous_14)","decl":{"start":{"line":5,"column":9},"end":{"line":5,"column":16}},"loc":{"start":{"line":5,"column":43},"end":{"line":11,"column":null}}},"2":{"name":"(anonymous_15)","decl":{"start":{"line":5,"column":43},"end":{"line":5,"column":null}},"loc":{"start":{"line":5,"column":43},"end":{"line":11,"column":null}}}},"branchMap":{},"s":{"0":4,"1":4,"2":1,"3":1,"4":1,"5":1,"6":1,"7":4},"f":{"0":4,"1":1,"2":1},"b":{}}
,"C:\\Users\\davyd\\OneDrive\\Documentos\\clean-code-api\\src\\main\\routes\\signup-routes.ts": {"path":"C:\\Users\\davyd\\OneDrive\\Documentos\\clean-code-api\\src\\main\\routes\\signup-routes.ts","statementMap":{"0":{"start":{"line":1,"column":0},"end":{"line":1,"column":64}},"1":{"start":{"line":2,"column":0},"end":{"line":2,"column":58}},"2":{"start":{"line":5,"column":0},"end":{"line":8,"column":null}},"3":{"start":{"line":7,"column":2},"end":{"line":7,"column":null}}},"fnMap":{"0":{"name":"(anonymous_0)","decl":{"start":{"line":5,"column":15},"end":{"line":5,"column":16}},"loc":{"start":{"line":5,"column":30},"end":{"line":8,"column":1}}}},"branchMap":{},"s":{"0":4,"1":4,"2":4,"3":4},"f":{"0":4},"b":{}}
}
