{"C:\\Users\\davyd\\OneDrive\\Documentos\\clean-code-api\\src\\presentation\\controllers\\signup.ts": {"path":"C:\\Users\\davyd\\OneDrive\\Documentos\\clean-code-api\\src\\presentation\\controllers\\signup.ts","statementMap":{"0":{"start":{"line":2,"column":0},"end":{"line":2,"column":66}},"1":{"start":{"line":3,"column":0},"end":{"line":3,"column":65}},"2":{"start":{"line":5,"column":0},"end":{"line":5,"column":13}},"3":{"start":{"line":9,"column":4},"end":{"line":9,"column":null}},"4":{"start":{"line":12,"column":2},"end":{"line":31,"column":null}},"5":{"start":{"line":13,"column":54},"end":{"line":13,"column":70}},"6":{"start":{"line":13,"column":20},"end":{"line":13,"column":22}},"7":{"start":{"line":13,"column":42},"end":{"line":13,"column":44}},"8":{"start":{"line":13,"column":49},"end":{"line":13,"column":54}},"9":{"start":{"line":14,"column":4},"end":{"line":30,"column":null}},"10":{"start":{"line":15,"column":28},"end":{"line":15,"column":81}},"11":{"start":{"line":16,"column":6},"end":{"line":20,"column":null}},"12":{"start":{"line":16,"column":26},"end":{"line":16,"column":39}},"13":{"start":{"line":16,"column":22},"end":{"line":16,"column":26}},"14":{"start":{"line":17,"column":8},"end":{"line":19,"column":null}},"15":{"start":{"line":18,"column":10},"end":{"line":18,"column":null}},"16":{"start":{"line":21,"column":6},"end":{"line":23,"column":null}},"17":{"start":{"line":22,"column":8},"end":{"line":22,"column":null}},"18":{"start":{"line":24,"column":22},"end":{"line":24,"column":56}},"19":{"start":{"line":25,"column":6},"end":{"line":27,"column":null}},"20":{"start":{"line":26,"column":8},"end":{"line":26,"column":null}},"21":{"start":{"line":29,"column":6},"end":{"line":29,"column":null}},"22":{"start":{"line":32,"column":0},"end":{"line":32,"column":null}},"23":{"start":{"line":5,"column":13},"end":{"line":5,"column":29}}},"fnMap":{"0":{"name":"(anonymous_0)","decl":{"start":{"line":5,"column":0},"end":{"line":5,"column":13}},"loc":{"start":{"line":5,"column":0},"end":{"line":32,"column":null}}},"1":{"name":"SignUpController","decl":{"start":{"line":8,"column":2},"end":{"line":8,"column":15}},"loc":{"start":{"line":8,"column":45},"end":{"line":10,"column":3}}},"2":{"name":"(anonymous_2)","decl":{"start":{"line":12,"column":2},"end":{"line":12,"column":8}},"loc":{"start":{"line":12,"column":34},"end":{"line":31,"column":3}}}},"branchMap":{"0":{"loc":{"start":{"line":17,"column":8},"end":{"line":19,"column":null}},"type":"if","locations":[{"start":{"line":17,"column":8},"end":{"line":19,"column":null}}]},"1":{"loc":{"start":{"line":21,"column":6},"end":{"line":23,"column":null}},"type":"if","locations":[{"start":{"line":21,"column":6},"end":{"line":23,"column":null}}]},"2":{"loc":{"start":{"line":25,"column":6},"end":{"line":27,"column":null}},"type":"if","locations":[{"start":{"line":25,"column":6},"end":{"line":27,"column":null}}]}},"s":{"0":1,"1":1,"2":1,"3":8,"4":1,"5":8,"6":8,"7":8,"8":8,"9":8,"10":8,"11":8,"12":16,"13":26,"14":26,"15":4,"16":4,"17":1,"18":3,"19":2,"20":1,"21":1,"22":1,"23":1},"f":{"0":1,"1":8,"2":8},"b":{"0":[4],"1":[1],"2":[1]}}
}
