TN:
SF:src\infra\db\mongodb\account-repository\account.ts
FN:6,(anonymous_13)
FN:7,(anonymous_15)
FNF:2
FNH:2
FNDA:2,(anonymous_13)
FNDA:1,(anonymous_15)
DA:4,1
DA:6,1
DA:7,1
DA:8,1
DA:9,1
DA:10,1
DA:11,1
DA:12,1
DA:14,1
LF:9
LH:9
BRF:0
BRH:0
end_of_record
TN:
SF:src\infra\db\mongodb\helpers\mongo-helper.ts
FN:7,(anonymous_14)
FN:10,(anonymous_17)
FN:13,(anonymous_20)
FN:16,(anonymous_21)
FNF:4
FNH:4
FNDA:2,(anonymous_14)
FNDA:3,(anonymous_17)
FNDA:4,(anonymous_20)
FNDA:1,(anonymous_21)
DA:2,2
DA:4,2
DA:8,2
DA:11,6
DA:14,4
DA:17,1
DA:18,1
DA:19,1
LF:8
LH:8
BRDA:11,0,0,3
BRF:1
BRH:1
end_of_record
